#
# There is insufficient memory for the Java Runtime Environment to continue.
# Native memory allocation (malloc) failed to allocate 80016 bytes for Chunk::new
# Possible reasons:
#   The system is out of physical RAM or swap space
#   In 32 bit mode, the process size limit was hit
# Possible solutions:
#   Reduce memory load on the system
#   Increase physical memory or swap space
#   Check if swap backing store is full
#   Use 64 bit Java on a 64 bit OS
#   Decrease Java heap size (-Xmx/-Xms)
#   Decrease number of Java threads
#   Decrease Java thread stack sizes (-Xss)
#   Set larger code cache with -XX:ReservedCodeCacheSize=
# This output file may be truncated or incomplete.
#
#  Out of Memory Error (allocation.cpp:390), pid=12772, tid=0x0000000000002bec
#
# JRE version: Java(TM) SE Runtime Environment (8.0_144-b01) (build 1.8.0_144-b01)
# Java VM: Java HotSpot(TM) 64-Bit Server VM (25.144-b01 mixed mode windows-amd64 compressed oops)
# Failed to write core dump. Minidumps are not enabled by default on client versions of Windows
#

---------------  T H R E A D  ---------------

Current thread (0x0000000016d77000):  JavaThread "C2 CompilerThread1" daemon [_thread_in_native, id=11244, stack(0x0000000017450000,0x0000000017550000)]

Stack: [0x0000000017450000,0x0000000017550000]
[error occurred during error reporting (printing stack bounds), id 0xc0000005]

Native frames: (J=compiled Java code, j=interpreted, Vv=VM code, C=native code)


Current CompileTask:
C2:    563  650       4       java.util.Properties$LineReader::readLine (468 bytes)


---------------  P R O C E S S  ---------------

Java Threads: ( => current thread )
  0x0000000019b32000 JavaThread "TimerQueue" daemon [_thread_blocked, id=10556, stack(0x000000001b310000,0x000000001b410000)]
  0x0000000019af8800 JavaThread "mysql-cj-abandoned-connection-cleanup" daemon [_thread_blocked, id=2896, stack(0x000000001aa10000,0x000000001ab10000)]
  0x0000000017d3e800 JavaThread "AWT-EventQueue-0" [_thread_blocked, id=2640, stack(0x0000000018d80000,0x0000000018e80000)]
  0x0000000017ad4800 JavaThread "AWT-Windows" daemon [_thread_in_native, id=12788, stack(0x0000000018390000,0x0000000018490000)]
  0x0000000017ac4000 JavaThread "AWT-Shutdown" [_thread_blocked, id=596, stack(0x0000000018290000,0x0000000018390000)]
  0x0000000017ac1000 JavaThread "Java2D Disposer" daemon [_thread_blocked, id=15236, stack(0x0000000018190000,0x0000000018290000)]
  0x0000000016df8800 JavaThread "Service Thread" daemon [_thread_blocked, id=7700, stack(0x0000000017650000,0x0000000017750000)]
  0x0000000016d7b800 JavaThread "C1 CompilerThread2" daemon [_thread_blocked, id=13752, stack(0x0000000017550000,0x0000000017650000)]
=>0x0000000016d77000 JavaThread "C2 CompilerThread1" daemon [_thread_in_native, id=11244, stack(0x0000000017450000,0x0000000017550000)]
  0x0000000016d6f000 JavaThread "C2 CompilerThread0" daemon [_thread_blocked, id=16820, stack(0x0000000017350000,0x0000000017450000)]
  0x0000000016d6a000 JavaThread "Attach Listener" daemon [_thread_blocked, id=11440, stack(0x0000000017250000,0x0000000017350000)]
  0x0000000016d68000 JavaThread "Signal Dispatcher" daemon [_thread_blocked, id=17284, stack(0x0000000017150000,0x0000000017250000)]
  0x00000000158f7000 JavaThread "Finalizer" daemon [_thread_blocked, id=6340, stack(0x0000000016b50000,0x0000000016c50000)]
  0x00000000158c5800 JavaThread "Reference Handler" daemon [_thread_blocked, id=13944, stack(0x0000000016a50000,0x0000000016b50000)]
  0x00000000031f4000 JavaThread "main" [_thread_in_native, id=16412, stack(0x00000000030f0000,0x00000000031f0000)]

Other Threads:
  0x00000000158b7000 VMThread [stack: 0x0000000016950000,0x0000000016a50000] [id=5848]
  0x0000000016e2e800 WatcherThread [stack: 0x0000000017750000,0x0000000017850000] [id=13240]

VM state:not at safepoint (normal execution)

VM Mutex/Monitor currently owned by a thread: None

Heap:
 PSYoungGen      total 18944K, used 12991K [0x00000000eb380000, 0x00000000ec880000, 0x0000000100000000)
  eden space 16384K, 79% used [0x00000000eb380000,0x00000000ec02fc68,0x00000000ec380000)
  from space 2560K, 0% used [0x00000000ec600000,0x00000000ec600000,0x00000000ec880000)
  to   space 2560K, 0% used [0x00000000ec380000,0x00000000ec380000,0x00000000ec600000)
 ParOldGen       total 44032K, used 0K [0x00000000c1a00000, 0x00000000c4500000, 0x00000000eb380000)
  object space 44032K, 0% used [0x00000000c1a00000,0x00000000c1a00000,0x00000000c4500000)
 Metaspace       used 12938K, capacity 13226K, committed 13568K, reserved 1062912K
  class space    used 1554K, capacity 1669K, committed 1792K, reserved 1048576K

Card table byte_map: [0x00000000126b0000,0x00000000128b0000] byte_map_base: 0x00000000120a3000

Marking Bits: (ParMarkBitMap*) 0x00000000770cd850
 Begin Bits: [0x0000000012e00000, 0x0000000013d98000)
 End Bits:   [0x0000000013d98000, 0x0000000014d30000)

Polling page: 0x0000000001090000

CodeCache: size=245760Kb used=2481Kb max_used=2481Kb free=243278Kb
 bounds [0x00000000032f0000, 0x0000000003560000, 0x00000000122f0000]
 total_blobs=1164 nmethods=648 adapters=429
 compilation: enabled

Compilation events (10 events):
Event: 0.545 Thread 0x0000000016d7b800 nmethod 644 0x000000000355b150 code [0x000000000355b300, 0x000000000355b938]
Event: 0.545 Thread 0x0000000016d7b800  645       3       java.lang.invoke.LambdaForm::uncustomize (58 bytes)
Event: 0.545 Thread 0x0000000016d7b800 nmethod 645 0x0000000003557a90 code [0x0000000003557c00, 0x0000000003557eb0]
Event: 0.545 Thread 0x0000000016d7b800  643       3       java.lang.invoke.MethodType::checkRtype (6 bytes)
Event: 0.545 Thread 0x0000000016d7b800 nmethod 643 0x000000000355bb90 code [0x000000000355bd00, 0x000000000355bf88]
Event: 0.546 Thread 0x0000000016d7b800  647       3       jdk.internal.org.objectweb.asm.MethodWriter::visitInsn (106 bytes)
Event: 0.546 Thread 0x0000000016d7b800 nmethod 647 0x000000000355c410 code [0x000000000355c5c0, 0x000000000355ca68]
Event: 0.546 Thread 0x0000000016d7b800  648       3       java.util.jar.Attributes$Name::hashCode (24 bytes)
Event: 0.547 Thread 0x0000000016d7b800 nmethod 648 0x000000000355cc10 code [0x000000000355cd80, 0x000000000355cf48]
Event: 0.560 Thread 0x0000000016d77000  650       4       java.util.Properties$LineReader::readLine (468 bytes)

GC Heap History (0 events):
No events

Deoptimization events (1 events):
Event: 0.191 Thread 0x00000000031f4000 Uncommon trap: reason=null_check action=make_not_entrant pc=0x000000000345cf9c method=java.lang.String.equals(Ljava/lang/Object;)Z @ 8

Internal exceptions (10 events):
Event: 0.078 Thread 0x00000000031f4000 Exception <a 'java/security/PrivilegedActionException'> (0x00000000eb3f3aa0) thrown at [C:\re\workspace\8-2-build-windows-amd64-cygwin\jdk8u144\9417\hotspot\src\share\vm\prims\jvm.cpp, line 1390]
Event: 0.098 Thread 0x00000000031f4000 Exception <a 'java/security/PrivilegedActionException'> (0x00000000eb47ad18) thrown at [C:\re\workspace\8-2-build-windows-amd64-cygwin\jdk8u144\9417\hotspot\src\share\vm\prims\jvm.cpp, line 1390]
Event: 0.098 Thread 0x00000000031f4000 Exception <a 'java/security/PrivilegedActionException'> (0x00000000eb47af28) thrown at [C:\re\workspace\8-2-build-windows-amd64-cygwin\jdk8u144\9417\hotspot\src\share\vm\prims\jvm.cpp, line 1390]
Event: 0.098 Thread 0x00000000031f4000 Exception <a 'java/security/PrivilegedActionException'> (0x00000000eb47ee38) thrown at [C:\re\workspace\8-2-build-windows-amd64-cygwin\jdk8u144\9417\hotspot\src\share\vm\prims\jvm.cpp, line 1390]
Event: 0.098 Thread 0x00000000031f4000 Exception <a 'java/security/PrivilegedActionException'> (0x00000000eb47f048) thrown at [C:\re\workspace\8-2-build-windows-amd64-cygwin\jdk8u144\9417\hotspot\src\share\vm\prims\jvm.cpp, line 1390]
Event: 0.101 Thread 0x00000000031f4000 Exception <a 'java/io/FileNotFoundException'> (0x00000000eb481360) thrown at [C:\re\workspace\8-2-build-windows-amd64-cygwin\jdk8u144\9417\hotspot\src\share\vm\prims\jni.cpp, line 709]
Event: 0.129 Thread 0x00000000031f4000 Exception <a 'java/lang/NoSuchFieldError': method resolution failed> (0x00000000eb54e6d0) thrown at [C:\re\workspace\8-2-build-windows-amd64-cygwin\jdk8u144\9417\hotspot\src\share\vm\prims\methodHandles.cpp, line 1146]
Event: 0.130 Thread 0x00000000031f4000 Exception <a 'java/lang/NoSuchFieldError': method resolution failed> (0x00000000eb55ba20) thrown at [C:\re\workspace\8-2-build-windows-amd64-cygwin\jdk8u144\9417\hotspot\src\share\vm\prims\methodHandles.cpp, line 1146]
Event: 0.164 Thread 0x00000000031f4000 Exception <a 'java/io/FileNotFoundException'> (0x00000000eb5f0800) thrown at [C:\re\workspace\8-2-build-windows-amd64-cygwin\jdk8u144\9417\hotspot\src\share\vm\prims\jni.cpp, line 709]
Event: 0.191 Thread 0x00000000031f4000 Implicit null exception at 0x000000000345cddb to 0x000000000345cf8d

Events (10 events):
Event: 0.560 loading class sun/net/spi/DefaultProxySelector$NonProxyInfo
Event: 0.560 loading class sun/net/spi/DefaultProxySelector$NonProxyInfo done
Event: 0.560 loading class sun/net/spi/DefaultProxySelector$3
Event: 0.560 loading class sun/net/spi/DefaultProxySelector$3 done
Event: 0.560 loading class java/net/Proxy
Event: 0.560 loading class java/net/Proxy done
Event: 0.560 loading class java/net/Proxy$Type
Event: 0.560 loading class java/net/Proxy$Type done
Event: 0.560 loading class sun/net/NetHooks
Event: 0.561 loading class sun/net/NetHooks done


Dynamic libraries:
0x00007ff6c5750000 - 0x00007ff6c5787000 	C:\Program Files\Java\jdk1.8.0_144\bin\java.exe
0x00007ff851430000 - 0x00007ff851628000 	C:\Windows\SYSTEM32\ntdll.dll
0x00007ff850480000 - 0x00007ff85053d000 	C:\Windows\System32\KERNEL32.DLL
0x00007ff84ecb0000 - 0x00007ff84efa6000 	C:\Windows\System32\KERNELBASE.dll
0x00007ff84c0a0000 - 0x00007ff84c130000 	C:\Windows\SYSTEM32\apphelp.dll
0x00007ff81e3b0000 - 0x00007ff81e846000 	C:\Windows\SYSTEM32\AcLayers.DLL
0x00007ff851200000 - 0x00007ff85129e000 	C:\Windows\System32\msvcrt.dll
0x00007ff8509e0000 - 0x00007ff850b7e000 	C:\Windows\System32\USER32.dll
0x00007ff84f050000 - 0x00007ff84f072000 	C:\Windows\System32\win32u.dll
0x00007ff84fdf0000 - 0x00007ff84fe1b000 	C:\Windows\System32\GDI32.dll
0x00007ff84eb90000 - 0x00007ff84eca7000 	C:\Windows\System32\gdi32full.dll
0x00007ff84f080000 - 0x00007ff84f11d000 	C:\Windows\System32\msvcp_win.dll
0x00007ff84f200000 - 0x00007ff84f300000 	C:\Windows\System32\ucrtbase.dll
0x00007ff84f4d0000 - 0x00007ff84fc3b000 	C:\Windows\System32\SHELL32.dll
0x00007ff850b80000 - 0x00007ff850bd5000 	C:\Windows\System32\SHLWAPI.dll
0x00007ff850030000 - 0x00007ff8500e0000 	C:\Windows\System32\ADVAPI32.dll
0x00007ff851350000 - 0x00007ff8513f0000 	C:\Windows\System32\sechost.dll
0x00007ff8510d0000 - 0x00007ff8511f5000 	C:\Windows\System32\RPCRT4.dll
0x00007ff84efb0000 - 0x00007ff84efd7000 	C:\Windows\System32\bcrypt.dll
0x0000000000c30000 - 0x0000000000c33000 	C:\Windows\SYSTEM32\sfc.dll
0x00007ff837b00000 - 0x00007ff837ba5000 	C:\Windows\SYSTEM32\WINSPOOL.DRV
0x00007ff8500e0000 - 0x00007ff850433000 	C:\Windows\System32\combase.dll
0x00007ff84fc40000 - 0x00007ff84fced000 	C:\Windows\System32\shcore.dll
0x00007ff840f60000 - 0x00007ff840f72000 	C:\Windows\SYSTEM32\sfc_os.DLL
0x00007ff83c060000 - 0x00007ff83c071000 	C:\Windows\SYSTEM32\SortWindows61.dll
0x00007ff850440000 - 0x00007ff850472000 	C:\Windows\System32\IMM32.DLL
0x00007ff840ca0000 - 0x00007ff840f3a000 	C:\Windows\WinSxS\amd64_microsoft.windows.common-controls_6595b64144ccf1df_6.0.19041.3636_none_60b6a03d71f818d5\COMCTL32.dll
0x0000000077200000 - 0x00000000772d2000 	C:\Program Files\Java\jdk1.8.0_144\jre\bin\msvcr100.dll
0x00000000768b0000 - 0x000000007714d000 	C:\Program Files\Java\jdk1.8.0_144\jre\bin\server\jvm.dll
0x00007ff84f4c0000 - 0x00007ff84f4c8000 	C:\Windows\System32\PSAPI.DLL
0x00007ff84d230000 - 0x00007ff84d239000 	C:\Windows\SYSTEM32\WSOCK32.dll
0x00007ff840800000 - 0x00007ff840827000 	C:\Windows\SYSTEM32\WINMM.dll
0x00007ff84d2b0000 - 0x00007ff84d2ba000 	C:\Windows\SYSTEM32\VERSION.dll
0x00007ff850880000 - 0x00007ff8508eb000 	C:\Windows\System32\WS2_32.dll
0x00000000771b0000 - 0x00000000771bf000 	C:\Program Files\Java\jdk1.8.0_144\jre\bin\verify.dll
0x0000000077180000 - 0x00000000771a9000 	C:\Program Files\Java\jdk1.8.0_144\jre\bin\java.dll
0x0000000077160000 - 0x0000000077176000 	C:\Program Files\Java\jdk1.8.0_144\jre\bin\zip.dll
0x00007ff84c880000 - 0x00007ff84d01e000 	C:\Windows\SYSTEM32\windows.storage.dll
0x00007ff84e440000 - 0x00007ff84e46e000 	C:\Windows\SYSTEM32\Wldp.dll
0x00007ff8508f0000 - 0x00007ff8509bd000 	C:\Windows\System32\OLEAUT32.dll
0x00007ff84ea10000 - 0x00007ff84ea35000 	C:\Windows\SYSTEM32\profapi.dll
0x00000000766d0000 - 0x0000000076868000 	C:\Program Files\Java\jdk1.8.0_144\jre\bin\awt.dll
0x00007ff84c510000 - 0x00007ff84c53f000 	C:\Windows\system32\DWMAPI.DLL
0x00007ff84c360000 - 0x00007ff84c3fe000 	C:\Windows\system32\uxtheme.dll
0x00007ff839980000 - 0x00007ff839aa5000 	C:\Windows\system32\opengl32.dll
0x00007ff83a130000 - 0x00007ff83a15c000 	C:\Windows\SYSTEM32\GLU32.dll
0x00007ff84fe20000 - 0x00007ff84ff35000 	C:\Windows\System32\MSCTF.dll
0x00007ff850750000 - 0x00007ff85087b000 	C:\Windows\System32\ole32.dll
0x00007ff84d4b0000 - 0x00007ff84d4c2000 	C:\Windows\SYSTEM32\kernel.appcore.dll
0x00007ff84f120000 - 0x00007ff84f1a2000 	C:\Windows\System32\bcryptPrimitives.dll
0x0000000076680000 - 0x00000000766c7000 	C:\Program Files\Java\jdk1.8.0_144\jre\bin\fontmanager.dll
0x0000000076890000 - 0x00000000768aa000 	C:\Program Files\Java\jdk1.8.0_144\jre\bin\net.dll
0x00007ff84e1a0000 - 0x00007ff84e20a000 	C:\Windows\system32\mswsock.dll
0x0000000076870000 - 0x0000000076881000 	C:\Program Files\Java\jdk1.8.0_144\jre\bin\nio.dll
0x0000000076630000 - 0x0000000076672000 	C:\Program Files\Java\jdk1.8.0_144\jre\bin\t2k.dll
0x00007ff8512a0000 - 0x00007ff851349000 	C:\Windows\System32\clbcatq.dll
0x00007ff847910000 - 0x00007ff847ac4000 	C:\Windows\SYSTEM32\WindowsCodecs.dll
0x00007ff839860000 - 0x00007ff83989e000 	C:\Windows\system32\dataexchange.dll
0x00007ff84ac60000 - 0x00007ff84aec3000 	C:\Windows\system32\d3d11.dll
0x00007ff84b490000 - 0x00007ff84b673000 	C:\Windows\system32\dcomp.dll
0x00007ff84d3b0000 - 0x00007ff84d4a3000 	C:\Windows\system32\dxgi.dll
0x00007ff848290000 - 0x00007ff848493000 	C:\Windows\system32\twinapi.appcore.dll
0x00007ff840a20000 - 0x00007ff840b19000 	C:\Windows\SYSTEM32\textinputframework.dll
0x00007ff84bb20000 - 0x00007ff84be7b000 	C:\Windows\System32\CoreUIComponents.dll
0x00007ff84ba00000 - 0x00007ff84baf2000 	C:\Windows\System32\CoreMessaging.dll
0x00007ff84dc10000 - 0x00007ff84dc43000 	C:\Windows\SYSTEM32\ntmarta.dll
0x00007ff84ab00000 - 0x00007ff84ac55000 	C:\Windows\SYSTEM32\wintypes.dll
0x00007ff84ded0000 - 0x00007ff84df9b000 	C:\Windows\SYSTEM32\DNSAPI.dll
0x00007ff84de90000 - 0x00007ff84decb000 	C:\Windows\SYSTEM32\IPHLPAPI.DLL
0x00007ff84fcf0000 - 0x00007ff84fcf8000 	C:\Windows\System32\NSI.dll
0x00007ff8473f0000 - 0x00007ff8473fa000 	C:\Windows\System32\rasadhlp.dll
0x00007ff847400000 - 0x00007ff847480000 	C:\Windows\System32\fwpuclnt.dll

VM Arguments:
jvm_args: -Dfile.encoding=UTF-8 
java_command: CRUD_APP.CRUD_APP
java_class_path (initial): C:\Program Files\NetBeans 8.2\java\modules\ext\AbsoluteLayout.jar;C:\Users\THURUNU\Desktop\DateChooserDemo.jar;C:\Users\THURUNU\Downloads\lib\jcalendar-1.4.jar;C:\Users\THURUNU\OneDrive - Horizon Campus\Documents\mysql-connector-j-8.4.0\mysql-connector-j-8.4.0.jar;C:\Users\THURUNU\OneDrive - Horizon Campus\Documents\NetBeansProjects\CRUD_APP\build\classes
Launcher Type: SUN_STANDARD

Environment Variables:
JAVA_HOME=C:\Program Files\Java\jdk1.8.0_144
PATH=C:\ProgramData\Oracle\Java\javapath;C:\Windows\system32;C:\Windows;C:\Windows\System32\Wbem;C:\Windows\System32\WindowsPowerShell\v1.0\;C:\Windows\System32\OpenSSH\;C:\Program Files\Java\jdk1.8.0_144\bin;C:\Program Files\Java\jdk-21\bin;C:\Program Files\Java\jdk1.8.0_144\bin;C:\Users\THURUNU\AppData\Local\Microsoft\WindowsApps;C:\Users\THURUNU\AppData\Local\Programs\Microsoft VS Code\bin
USERNAME=THURUNU
OS=Windows_NT
PROCESSOR_IDENTIFIER=Intel64 Family 6 Model 60 Stepping 3, GenuineIntel



---------------  S Y S T E M  ---------------

OS: Windows 10.0 , 64 bit Build 19041 (10.0.19041.3636)

CPU:total 4 (initial active 4) (4 cores per cpu, 1 threads per core) family 6 model 60 stepping 3, cmov, cx8, fxsr, mmx, sse, sse2, sse3, ssse3, sse4.1, sse4.2, popcnt, avx, avx2, aes, clmul, erms, lzcnt, tsc, tscinvbit, bmi1, bmi2

Memory: 4k page, physical 4079736k(982792k free), swap 16662648k(2544k free)

vm_info: Java HotSpot(TM) 64-Bit Server VM (25.144-b01) for windows-amd64 JRE (1.8.0_144-b01), built on Jul 21 2017 21:57:33 by "java_re" with MS VC++ 10.0 (VS2010)

time: Sat Jun 15 22:27:41 2024
elapsed time: 0 seconds (0d 0h 0m 0s)

